#
# There is insufficient memory for the Java Runtime Environment to continue.
# Native memory allocation (mmap) failed to map 27262976 bytes for Failed to commit area from 0x0000000089600000 to 0x000000008b000000 of length 27262976.
# Possible reasons:
#   The system is out of physical RAM or swap space
#   The process is running with CompressedOops enabled, and the Java Heap may be blocking the growth of the native heap
# Possible solutions:
#   Reduce memory load on the system
#   Increase physical memory or swap space
#   Check if swap backing store is full
#   Decrease Java heap size (-Xmx/-Xms)
#   Decrease number of Java threads
#   Decrease Java thread stack sizes (-Xss)
#   Set larger code cache with -XX:ReservedCodeCacheSize=
#   JVM is running with Unscaled Compressed Oops mode in which the Java heap is
#     placed in the first 4GB address space. The Java Heap base address is the
#     maximum limit for the native heap growth. Please use -XX:HeapBaseMinAddress
#     to set the Java Heap base and to place the Java Heap above 4GB virtual address.
# This output file may be truncated or incomplete.
#
#  Out of Memory Error (./open/src/hotspot/os/windows/os_windows.cpp:3276), pid=1004, tid=13460
#
# JRE version: Java(TM) SE Runtime Environment 18.9 (11.0.13+10) (build 11.0.13+10-LTS-370)
# Java VM: Java HotSpot(TM) 64-Bit Server VM 18.9 (11.0.13+10-LTS-370, mixed mode, tiered, compressed oops, g1 gc, windows-amd64)
# No core dump will be written. Minidumps are not enabled by default on client versions of Windows
#

---------------  S U M M A R Y ------------

Command Line: -ea -Dfile.encoding=UTF-8 org.eclipse.jdt.internal.junit.runner.RemoteTestRunner -version 3 -port 54200 -testLoaderClass org.eclipse.jdt.internal.junit5.runner.JUnit5TestLoader -loaderpluginname org.eclipse.jdt.junit5.runtime -classNames net.atos.api.pedido.controller.PedidoControllerIT

Host: Intel(R) Core(TM) i3-4005U CPU @ 1.70GHz, 4 cores, 7G,  Windows 10 , 64 bit Build 19041 (10.0.19041.1348)
Time: Wed Dec 15 17:51:39 2021 Hora oficial do Brasil elapsed time: 13.419141 seconds (0d 0h 0m 13s)

---------------  T H R E A D  ---------------

Current thread (0x00000285c203e800):  VMThread "VM Thread" [stack: 0x0000009e9bb00000,0x0000009e9bc00000] [id=13460]

Stack: [0x0000009e9bb00000,0x0000009e9bc00000]
[error occurred during error reporting (printing stack bounds), id 0xc0000005, EXCEPTION_ACCESS_VIOLATION (0xc0000005) at pc=0x00000285ab8e0f2d]

Native frames: (J=compiled Java code, j=interpreted, Vv=VM code, C=native code)
V  [jvm.dll+0x62870a]
V  [jvm.dll+0x761f2f]
V  [jvm.dll+0x7635d9]
V  [jvm.dll+0x763bc5]
V  [jvm.dll+0x763b7b]
V  [jvm.dll+0x627c53]
V  [jvm.dll+0x628308]
C  [ntdll.dll+0xa20cf]
C  [ntdll.dll+0x51454]
C  [ntdll.dll+0xa0bfe]
C  0x00000285ab8e0f2d

VM_Operation (0x0000009e9b5fa340): G1CollectForAllocation, mode: safepoint, requested by thread 0x00000285a2aee800


---------------  P R O C E S S  ---------------

Threads class SMR info:
_java_thread_list=0x00000285c6ddc3b0, length=12, elements={
0x00000285a2aee800, 0x00000285c2065800, 0x00000285c2071000, 0x00000285c29f2800,
0x00000285c207b800, 0x00000285c207c800, 0x00000285c207f000, 0x00000285c2a29000,
0x00000285c2a44800, 0x00000285c2d24000, 0x00000285c3642800, 0x00000285c3ccd000
}

Java Threads: ( => current thread )
  0x00000285a2aee800 JavaThread "main" [_thread_blocked, id=13192, stack(0x0000009e9b500000,0x0000009e9b600000)]
  0x00000285c2065800 JavaThread "Reference Handler" daemon [_thread_blocked, id=10692, stack(0x0000009e9bc00000,0x0000009e9bd00000)]
  0x00000285c2071000 JavaThread "Finalizer" daemon [_thread_blocked, id=17560, stack(0x0000009e9bd00000,0x0000009e9be00000)]
  0x00000285c29f2800 JavaThread "Signal Dispatcher" daemon [_thread_blocked, id=12916, stack(0x0000009e9be00000,0x0000009e9bf00000)]
  0x00000285c207b800 JavaThread "Attach Listener" daemon [_thread_blocked, id=7748, stack(0x0000009e9bf00000,0x0000009e9c000000)]
  0x00000285c207c800 JavaThread "Service Thread" daemon [_thread_blocked, id=12420, stack(0x0000009e9c000000,0x0000009e9c100000)]
  0x00000285c207f000 JavaThread "C2 CompilerThread0" daemon [_thread_blocked, id=2148, stack(0x0000009e9c100000,0x0000009e9c200000)]
  0x00000285c2a29000 JavaThread "C1 CompilerThread0" daemon [_thread_blocked, id=5056, stack(0x0000009e9c200000,0x0000009e9c300000)]
  0x00000285c2a44800 JavaThread "Sweeper thread" daemon [_thread_blocked, id=14180, stack(0x0000009e9c300000,0x0000009e9c400000)]
  0x00000285c2d24000 JavaThread "Common-Cleaner" daemon [_thread_blocked, id=15900, stack(0x0000009e9c500000,0x0000009e9c600000)]
  0x00000285c3642800 JavaThread "ReaderThread" [_thread_in_native, id=6220, stack(0x0000009e9c900000,0x0000009e9ca00000)]
  0x00000285c3ccd000 JavaThread "C2 CompilerThread1" daemon [_thread_blocked, id=10312, stack(0x0000009e9c800000,0x0000009e9c900000)]

Other Threads:
=>0x00000285c203e800 VMThread "VM Thread" [stack: 0x0000009e9bb00000,0x0000009e9bc00000] [id=13460]
  0x00000285c2a84800 WatcherThread [stack: 0x0000009e9c400000,0x0000009e9c500000] [id=12700]
  0x00000285a2b06000 GCTaskThread "GC Thread#0" [stack: 0x0000009e9b600000,0x0000009e9b700000] [id=6876]
  0x00000285c33e2800 GCTaskThread "GC Thread#1" [stack: 0x0000009e9c600000,0x0000009e9c700000] [id=17812]
  0x00000285c3568800 GCTaskThread "GC Thread#2" [stack: 0x0000009e9c700000,0x0000009e9c800000] [id=9160]
  0x00000285c38ec800 GCTaskThread "GC Thread#3" [stack: 0x0000009e9ca00000,0x0000009e9cb00000] [id=17572]
  0x00000285a2b35000 ConcurrentGCThread "G1 Main Marker" [stack: 0x0000009e9b700000,0x0000009e9b800000] [id=8672]
  0x00000285a2b38000 ConcurrentGCThread "G1 Conc#0" [stack: 0x0000009e9b800000,0x0000009e9b900000] [id=11504]
  0x00000285a2bb8800 ConcurrentGCThread "G1 Refine#0" [stack: 0x0000009e9b900000,0x0000009e9ba00000] [id=7772]
  0x00000285c1eb0800 ConcurrentGCThread "G1 Young RemSet Sampling" [stack: 0x0000009e9ba00000,0x0000009e9bb00000] [id=16068]

Threads with active compile tasks:
C2 CompilerThread1  13485 3771       4       org.springframework.core.ResolvableType::forType (115 bytes)

VM state:at safepoint (normal execution)

VM Mutex/Monitor currently owned by a thread:  ([mutex/lock_event])
[0x00000285a2aea470] Threads_lock - owner thread: 0x00000285c203e800
[0x00000285a2aea6b0] Heap_lock - owner thread: 0x00000285a2aee800

Heap address: 0x0000000081600000, size: 2026 MB, Compressed Oops mode: 32-bit
Narrow klass base: 0x0000000000000000, Narrow klass shift: 3
Compressed class space size: 1073741824 Address: 0x0000000100000000

Heap:
 garbage-first heap   total 157696K, used 19899K [0x0000000081600000, 0x0000000100000000)
  region size 1024K, 6 young (6144K), 6 survivors (6144K)
 Metaspace       used 39800K, capacity 40946K, committed 41216K, reserved 1085440K
  class space    used 4836K, capacity 5318K, committed 5376K, reserved 1048576K
Heap Regions: E=young(eden), S=young(survivor), O=old, HS=humongous(starts), HC=humongous(continues), CS=collection set, F=free, A=archive, TAMS=top-at-mark-start (previous, next)
|   0|0x0000000081600000, 0x0000000081700000, 0x0000000081700000|100%|HS|  |TAMS 0x0000000081700000, 0x0000000081600000| Complete 
|   1|0x0000000081700000, 0x0000000081800000, 0x0000000081800000|100%| O|  |TAMS 0x0000000081800000, 0x0000000081700000| Untracked 
|   2|0x0000000081800000, 0x0000000081900000, 0x0000000081900000|100%| O|  |TAMS 0x0000000081900000, 0x0000000081800000| Untracked 
|   3|0x0000000081900000, 0x0000000081a00000, 0x0000000081a00000|100%| O|  |TAMS 0x0000000081a00000, 0x0000000081900000| Untracked 
|   4|0x0000000081a00000, 0x0000000081b00000, 0x0000000081b00000|100%| O|  |TAMS 0x0000000081b00000, 0x0000000081a00000| Untracked 
|   5|0x0000000081b00000, 0x0000000081c00000, 0x0000000081c00000|100%| O|  |TAMS 0x0000000081c00000, 0x0000000081b00000| Untracked 
|   6|0x0000000081c00000, 0x0000000081d00000, 0x0000000081d00000|100%| O|  |TAMS 0x0000000081d00000, 0x0000000081c00000| Untracked 
|   7|0x0000000081d00000, 0x0000000081e00000, 0x0000000081e00000|100%| O|  |TAMS 0x0000000081e00000, 0x0000000081d00000| Untracked 
|   8|0x0000000081e00000, 0x0000000081f00000, 0x0000000081f00000|100%| O|  |TAMS 0x0000000081f00000, 0x0000000081e00000| Untracked 
|   9|0x0000000081f00000, 0x0000000082000000, 0x0000000082000000|100%| O|  |TAMS 0x0000000082000000, 0x0000000081f00000| Untracked 
|  10|0x0000000082000000, 0x0000000082100000, 0x0000000082100000|100%| O|  |TAMS 0x0000000082100000, 0x0000000082000000| Untracked 
|  11|0x0000000082100000, 0x0000000082200000, 0x0000000082200000|100%| O|  |TAMS 0x000000008214c000, 0x0000000082100000| Untracked 
|  12|0x0000000082200000, 0x0000000082300000, 0x0000000082300000|100%| O|  |TAMS 0x0000000082200000, 0x0000000082200000| Untracked 
|  13|0x0000000082300000, 0x000000008236ee00, 0x0000000082400000| 43%| O|  |TAMS 0x0000000082300000, 0x0000000082300000| Untracked 
|  14|0x0000000082400000, 0x0000000082400000, 0x0000000082500000|  0%| F|  |TAMS 0x0000000082400000, 0x0000000082400000| Untracked 
|  15|0x0000000082500000, 0x0000000082500000, 0x0000000082600000|  0%| F|  |TAMS 0x0000000082500000, 0x0000000082500000| Untracked 
|  16|0x0000000082600000, 0x0000000082600000, 0x0000000082700000|  0%| F|  |TAMS 0x0000000082600000, 0x0000000082600000| Untracked 
|  17|0x0000000082700000, 0x0000000082700000, 0x0000000082800000|  0%| F|  |TAMS 0x0000000082700000, 0x0000000082700000| Untracked 
|  18|0x0000000082800000, 0x0000000082800000, 0x0000000082900000|  0%| F|  |TAMS 0x0000000082800000, 0x0000000082800000| Untracked 
|  19|0x0000000082900000, 0x0000000082900000, 0x0000000082a00000|  0%| F|  |TAMS 0x0000000082900000, 0x0000000082900000| Untracked 
|  20|0x0000000082a00000, 0x0000000082a00000, 0x0000000082b00000|  0%| F|  |TAMS 0x0000000082a00000, 0x0000000082a00000| Untracked 
|  21|0x0000000082b00000, 0x0000000082b00000, 0x0000000082c00000|  0%| F|  |TAMS 0x0000000082b00000, 0x0000000082b00000| Untracked 
|  22|0x0000000082c00000, 0x0000000082c00000, 0x0000000082d00000|  0%| F|  |TAMS 0x0000000082c00000, 0x0000000082c00000| Untracked 
|  23|0x0000000082d00000, 0x0000000082d00000, 0x0000000082e00000|  0%| F|  |TAMS 0x0000000082d00000, 0x0000000082d00000| Untracked 
|  24|0x0000000082e00000, 0x0000000082e00000, 0x0000000082f00000|  0%| F|  |TAMS 0x0000000082e00000, 0x0000000082e00000| Untracked 
|  25|0x0000000082f00000, 0x0000000082f00000, 0x0000000083000000|  0%| F|  |TAMS 0x0000000082f00000, 0x0000000082f00000| Untracked 
|  26|0x0000000083000000, 0x0000000083000000, 0x0000000083100000|  0%| F|  |TAMS 0x0000000083000000, 0x0000000083000000| Untracked 
|  27|0x0000000083100000, 0x0000000083100000, 0x0000000083200000|  0%| F|  |TAMS 0x0000000083100000, 0x0000000083100000| Untracked 
|  28|0x0000000083200000, 0x0000000083200000, 0x0000000083300000|  0%| F|  |TAMS 0x0000000083200000, 0x0000000083200000| Untracked 
|  29|0x0000000083300000, 0x0000000083300000, 0x0000000083400000|  0%| F|  |TAMS 0x0000000083300000, 0x0000000083300000| Untracked 
|  30|0x0000000083400000, 0x0000000083400000, 0x0000000083500000|  0%| F|  |TAMS 0x0000000083400000, 0x0000000083400000| Untracked 
|  31|0x0000000083500000, 0x0000000083500000, 0x0000000083600000|  0%| F|  |TAMS 0x0000000083500000, 0x0000000083500000| Untracked 
|  32|0x0000000083600000, 0x0000000083600000, 0x0000000083700000|  0%| F|  |TAMS 0x0000000083600000, 0x0000000083600000| Untracked 
|  33|0x0000000083700000, 0x0000000083700000, 0x0000000083800000|  0%| F|  |TAMS 0x0000000083700000, 0x0000000083700000| Untracked 
|  34|0x0000000083800000, 0x0000000083800000, 0x0000000083900000|  0%| F|  |TAMS 0x0000000083800000, 0x0000000083800000| Untracked 
|  35|0x0000000083900000, 0x0000000083900000, 0x0000000083a00000|  0%| F|  |TAMS 0x0000000083900000, 0x0000000083900000| Untracked 
|  36|0x0000000083a00000, 0x0000000083a00000, 0x0000000083b00000|  0%| F|  |TAMS 0x0000000083a00000, 0x0000000083a00000| Untracked 
|  37|0x0000000083b00000, 0x0000000083b00000, 0x0000000083c00000|  0%| F|  |TAMS 0x0000000083b00000, 0x0000000083b00000| Untracked 
|  38|0x0000000083c00000, 0x0000000083c00000, 0x0000000083d00000|  0%| F|  |TAMS 0x0000000083c00000, 0x0000000083c00000| Untracked 
|  39|0x0000000083d00000, 0x0000000083d00000, 0x0000000083e00000|  0%| F|  |TAMS 0x0000000083d00000, 0x0000000083d00000| Untracked 
|  40|0x0000000083e00000, 0x0000000083e00000, 0x0000000083f00000|  0%| F|  |TAMS 0x0000000083e00000, 0x0000000083e00000| Untracked 
|  41|0x0000000083f00000, 0x0000000083f00000, 0x0000000084000000|  0%| F|  |TAMS 0x0000000083f00000, 0x0000000083f00000| Untracked 
|  42|0x0000000084000000, 0x0000000084000000, 0x0000000084100000|  0%| F|  |TAMS 0x0000000084000000, 0x0000000084000000| Untracked 
|  43|0x0000000084100000, 0x0000000084100000, 0x0000000084200000|  0%| F|  |TAMS 0x0000000084100000, 0x0000000084100000| Untracked 
|  44|0x0000000084200000, 0x0000000084200000, 0x0000000084300000|  0%| F|  |TAMS 0x0000000084200000, 0x0000000084200000| Untracked 
|  45|0x0000000084300000, 0x0000000084300000, 0x0000000084400000|  0%| F|  |TAMS 0x0000000084300000, 0x0000000084300000| Untracked 
|  46|0x0000000084400000, 0x0000000084500000, 0x0000000084500000|100%| S|CS|TAMS 0x0000000084400000, 0x0000000084400000| Complete 
|  47|0x0000000084500000, 0x0000000084600000, 0x0000000084600000|100%| S|CS|TAMS 0x0000000084500000, 0x0000000084500000| Complete 
|  48|0x0000000084600000, 0x0000000084700000, 0x0000000084700000|100%| S|CS|TAMS 0x0000000084600000, 0x0000000084600000| Complete 
|  49|0x0000000084700000, 0x0000000084800000, 0x0000000084800000|100%| S|CS|TAMS 0x0000000084700000, 0x0000000084700000| Complete 
|  50|0x0000000084800000, 0x0000000084900000, 0x0000000084900000|100%| S|CS|TAMS 0x0000000084800000, 0x0000000084800000| Complete 
|  51|0x0000000084900000, 0x0000000084a00000, 0x0000000084a00000|100%| S|CS|TAMS 0x0000000084900000, 0x0000000084900000| Complete 
|  52|0x0000000084a00000, 0x0000000084a00000, 0x0000000084b00000|  0%| F|  |TAMS 0x0000000084a00000, 0x0000000084a00000| Untracked 
|  53|0x0000000084b00000, 0x0000000084b00000, 0x0000000084c00000|  0%| F|  |TAMS 0x0000000084b00000, 0x0000000084b00000| Untracked 
|  54|0x0000000084c00000, 0x0000000084c00000, 0x0000000084d00000|  0%| F|  |TAMS 0x0000000084c00000, 0x0000000084c00000| Untracked 
|  55|0x0000000084d00000, 0x0000000084d00000, 0x0000000084e00000|  0%| F|  |TAMS 0x0000000084d00000, 0x0000000084d00000| Untracked 
|  56|0x0000000084e00000, 0x0000000084e00000, 0x0000000084f00000|  0%| F|  |TAMS 0x0000000084e00000, 0x0000000084e00000| Untracked 
|  57|0x0000000084f00000, 0x0000000084f00000, 0x0000000085000000|  0%| F|  |TAMS 0x0000000084f00000, 0x0000000084f00000| Untracked 
|  58|0x0000000085000000, 0x0000000085000000, 0x0000000085100000|  0%| F|  |TAMS 0x0000000085000000, 0x0000000085000000| Untracked 
|  59|0x0000000085100000, 0x0000000085100000, 0x0000000085200000|  0%| F|  |TAMS 0x0000000085100000, 0x0000000085100000| Untracked 
|  60|0x0000000085200000, 0x0000000085200000, 0x0000000085300000|  0%| F|  |TAMS 0x0000000085200000, 0x0000000085200000| Untracked 
|  61|0x0000000085300000, 0x0000000085300000, 0x0000000085400000|  0%| F|  |TAMS 0x0000000085300000, 0x0000000085300000| Untracked 
|  62|0x0000000085400000, 0x0000000085400000, 0x0000000085500000|  0%| F|  |TAMS 0x0000000085400000, 0x0000000085400000| Untracked 
|  63|0x0000000085500000, 0x0000000085500000, 0x0000000085600000|  0%| F|  |TAMS 0x0000000085500000, 0x0000000085500000| Untracked 
|  64|0x0000000085600000, 0x0000000085600000, 0x0000000085700000|  0%| F|  |TAMS 0x0000000085600000, 0x0000000085600000| Untracked 
|  65|0x0000000085700000, 0x0000000085700000, 0x0000000085800000|  0%| F|  |TAMS 0x0000000085700000, 0x0000000085700000| Untracked 
|  66|0x0000000085800000, 0x0000000085800000, 0x0000000085900000|  0%| F|  |TAMS 0x0000000085800000, 0x0000000085800000| Untracked 
|  67|0x0000000085900000, 0x0000000085900000, 0x0000000085a00000|  0%| F|  |TAMS 0x0000000085900000, 0x0000000085900000| Untracked 
|  68|0x0000000085a00000, 0x0000000085a00000, 0x0000000085b00000|  0%| F|  |TAMS 0x0000000085a00000, 0x0000000085a00000| Untracked 
|  69|0x0000000085b00000, 0x0000000085b00000, 0x0000000085c00000|  0%| F|  |TAMS 0x0000000085b00000, 0x0000000085b00000| Untracked 
|  70|0x0000000085c00000, 0x0000000085c00000, 0x0000000085d00000|  0%| F|  |TAMS 0x0000000085c00000, 0x0000000085c00000| Untracked 
|  71|0x0000000085d00000, 0x0000000085d00000, 0x0000000085e00000|  0%| F|  |TAMS 0x0000000085d00000, 0x0000000085d00000| Untracked 
|  72|0x0000000085e00000, 0x0000000085e00000, 0x0000000085f00000|  0%| F|  |TAMS 0x0000000085e00000, 0x0000000085e00000| Untracked 
|  73|0x0000000085f00000, 0x0000000085f00000, 0x0000000086000000|  0%| F|  |TAMS 0x0000000085f00000, 0x0000000085f00000| Untracked 
|  74|0x0000000086000000, 0x0000000086000000, 0x0000000086100000|  0%| F|  |TAMS 0x0000000086000000, 0x0000000086000000| Untracked 
|  75|0x0000000086100000, 0x0000000086100000, 0x0000000086200000|  0%| F|  |TAMS 0x0000000086100000, 0x0000000086100000| Untracked 
|  76|0x0000000086200000, 0x0000000086200000, 0x0000000086300000|  0%| F|  |TAMS 0x0000000086200000, 0x0000000086200000| Untracked 
|  77|0x0000000086300000, 0x0000000086300000, 0x0000000086400000|  0%| F|  |TAMS 0x0000000086300000, 0x0000000086300000| Untracked 
|  78|0x0000000086400000, 0x0000000086400000, 0x0000000086500000|  0%| F|  |TAMS 0x0000000086400000, 0x0000000086400000| Untracked 
|  79|0x0000000086500000, 0x0000000086500000, 0x0000000086600000|  0%| F|  |TAMS 0x0000000086500000, 0x0000000086500000| Untracked 
|  80|0x0000000086600000, 0x0000000086600000, 0x0000000086700000|  0%| F|  |TAMS 0x0000000086600000, 0x0000000086600000| Untracked 
|  81|0x0000000086700000, 0x0000000086700000, 0x0000000086800000|  0%| F|  |TAMS 0x0000000086700000, 0x0000000086700000| Untracked 
|  82|0x0000000086800000, 0x0000000086800000, 0x0000000086900000|  0%| F|  |TAMS 0x0000000086800000, 0x0000000086800000| Untracked 
|  83|0x0000000086900000, 0x0000000086900000, 0x0000000086a00000|  0%| F|  |TAMS 0x0000000086900000, 0x0000000086900000| Untracked 
|  84|0x0000000086a00000, 0x0000000086a00000, 0x0000000086b00000|  0%| F|  |TAMS 0x0000000086a00000, 0x0000000086a00000| Untracked 
|  85|0x0000000086b00000, 0x0000000086b00000, 0x0000000086c00000|  0%| F|  |TAMS 0x0000000086b00000, 0x0000000086b00000| Untracked 
|  86|0x0000000086c00000, 0x0000000086c00000, 0x0000000086d00000|  0%| F|  |TAMS 0x0000000086c00000, 0x0000000086c00000| Untracked 
|  87|0x0000000086d00000, 0x0000000086d00000, 0x0000000086e00000|  0%| F|  |TAMS 0x0000000086d00000, 0x0000000086d00000| Untracked 
|  88|0x0000000086e00000, 0x0000000086e00000, 0x0000000086f00000|  0%| F|  |TAMS 0x0000000086e00000, 0x0000000086e00000| Untracked 
|  89|0x0000000086f00000, 0x0000000086f00000, 0x0000000087000000|  0%| F|  |TAMS 0x0000000086f00000, 0x0000000086f00000| Untracked 
|  90|0x0000000087000000, 0x0000000087000000, 0x0000000087100000|  0%| F|  |TAMS 0x0000000087000000, 0x0000000087000000| Untracked 
|  91|0x0000000087100000, 0x0000000087100000, 0x0000000087200000|  0%| F|  |TAMS 0x0000000087100000, 0x0000000087100000| Untracked 
|  92|0x0000000087200000, 0x0000000087200000, 0x0000000087300000|  0%| F|  |TAMS 0x0000000087200000, 0x0000000087200000| Untracked 
|  93|0x0000000087300000, 0x0000000087300000, 0x0000000087400000|  0%| F|  |TAMS 0x0000000087300000, 0x0000000087300000| Untracked 
|  94|0x0000000087400000, 0x0000000087400000, 0x0000000087500000|  0%| F|  |TAMS 0x0000000087400000, 0x0000000087400000| Untracked 
|  95|0x0000000087500000, 0x0000000087500000, 0x0000000087600000|  0%| F|  |TAMS 0x0000000087500000, 0x0000000087500000| Untracked 
|  96|0x0000000087600000, 0x0000000087600000, 0x0000000087700000|  0%| F|  |TAMS 0x0000000087600000, 0x0000000087600000| Untracked 
|  97|0x0000000087700000, 0x0000000087700000, 0x0000000087800000|  0%| F|  |TAMS 0x0000000087700000, 0x0000000087700000| Untracked 
|  98|0x0000000087800000, 0x0000000087800000, 0x0000000087900000|  0%| F|  |TAMS 0x0000000087800000, 0x0000000087800000| Untracked 
|  99|0x0000000087900000, 0x0000000087900000, 0x0000000087a00000|  0%| F|  |TAMS 0x0000000087900000, 0x0000000087900000| Untracked 
| 100|0x0000000087a00000, 0x0000000087a00000, 0x0000000087b00000|  0%| F|  |TAMS 0x0000000087a00000, 0x0000000087a00000| Untracked 
| 101|0x0000000087b00000, 0x0000000087b00000, 0x0000000087c00000|  0%| F|  |TAMS 0x0000000087b00000, 0x0000000087b00000| Untracked 
| 102|0x0000000087c00000, 0x0000000087c00000, 0x0000000087d00000|  0%| F|  |TAMS 0x0000000087c00000, 0x0000000087c00000| Untracked 
| 103|0x0000000087d00000, 0x0000000087d00000, 0x0000000087e00000|  0%| F|  |TAMS 0x0000000087d00000, 0x0000000087d00000| Untracked 
| 104|0x0000000087e00000, 0x0000000087e00000, 0x0000000087f00000|  0%| F|  |TAMS 0x0000000087e00000, 0x0000000087e00000| Untracked 
| 105|0x0000000087f00000, 0x0000000087f00000, 0x0000000088000000|  0%| F|  |TAMS 0x0000000087f00000, 0x0000000087f00000| Untracked 
| 106|0x0000000088000000, 0x0000000088000000, 0x0000000088100000|  0%| F|  |TAMS 0x0000000088000000, 0x0000000088000000| Untracked 
| 107|0x0000000088100000, 0x0000000088100000, 0x0000000088200000|  0%| F|  |TAMS 0x0000000088100000, 0x0000000088100000| Untracked 
| 108|0x0000000088200000, 0x0000000088200000, 0x0000000088300000|  0%| F|  |TAMS 0x0000000088200000, 0x0000000088200000| Untracked 
| 109|0x0000000088300000, 0x0000000088300000, 0x0000000088400000|  0%| F|  |TAMS 0x0000000088300000, 0x0000000088300000| Untracked 
| 110|0x0000000088400000, 0x0000000088400000, 0x0000000088500000|  0%| F|  |TAMS 0x0000000088400000, 0x0000000088400000| Untracked 
| 111|0x0000000088500000, 0x0000000088500000, 0x0000000088600000|  0%| F|  |TAMS 0x0000000088500000, 0x0000000088500000| Untracked 
| 112|0x0000000088600000, 0x0000000088600000, 0x0000000088700000|  0%| F|  |TAMS 0x0000000088600000, 0x0000000088600000| Untracked 
| 113|0x0000000088700000, 0x0000000088700000, 0x0000000088800000|  0%| F|  |TAMS 0x0000000088700000, 0x0000000088700000| Untracked 
| 114|0x0000000088800000, 0x0000000088800000, 0x0000000088900000|  0%| F|  |TAMS 0x0000000088800000, 0x0000000088800000| Untracked 
| 115|0x0000000088900000, 0x0000000088900000, 0x0000000088a00000|  0%| F|  |TAMS 0x0000000088900000, 0x0000000088900000| Untracked 
| 116|0x0000000088a00000, 0x0000000088a00000, 0x0000000088b00000|  0%| F|  |TAMS 0x0000000088a00000, 0x0000000088a00000| Untracked 
| 117|0x0000000088b00000, 0x0000000088b00000, 0x0000000088c00000|  0%| F|  |TAMS 0x0000000088b00000, 0x0000000088b00000| Untracked 
| 118|0x0000000088c00000, 0x0000000088c00000, 0x0000000088d00000|  0%| F|  |TAMS 0x0000000088c00000, 0x0000000088c00000| Untracked 
| 119|0x0000000088d00000, 0x0000000088d00000, 0x0000000088e00000|  0%| F|  |TAMS 0x0000000088d00000, 0x0000000088d00000| Untracked 
| 120|0x0000000088e00000, 0x0000000088e00000, 0x0000000088f00000|  0%| F|  |TAMS 0x0000000088e00000, 0x0000000088e00000| Untracked 
| 121|0x0000000088f00000, 0x0000000088f00000, 0x0000000089000000|  0%| F|  |TAMS 0x0000000088f00000, 0x0000000088f00000| Untracked 
| 122|0x0000000089000000, 0x0000000089000000, 0x0000000089100000|  0%| F|  |TAMS 0x0000000089000000, 0x0000000089000000| Untracked 
| 123|0x0000000089100000, 0x0000000089100000, 0x0000000089200000|  0%| F|  |TAMS 0x0000000089100000, 0x0000000089100000| Untracked 
| 124|0x0000000089200000, 0x0000000089200000, 0x0000000089300000|  0%| F|  |TAMS 0x0000000089200000, 0x0000000089200000| Untracked 
| 125|0x0000000089300000, 0x0000000089300000, 0x0000000089400000|  0%| F|  |TAMS 0x0000000089300000, 0x0000000089300000| Untracked 
| 126|0x0000000089400000, 0x0000000089400000, 0x0000000089500000|  0%| F|  |TAMS 0x0000000089400000, 0x0000000089400000| Untracked 
| 127|0x0000000089500000, 0x0000000089500000, 0x0000000089600000|  0%| F|  |TAMS 0x0000000089500000, 0x0000000089500000| Untracked 

Card table byte_map: [0x00000285bb300000,0x00000285bb700000] _byte_map_base: 0x00000285baef5000

Marking Bits (Prev, Next): (CMBitMap*) 0x00000285a2b2c088, (CMBitMap*) 0x00000285a2b2c0c0
 Prev Bits: [0x00000285bbb00000, 0x00000285bdaa8000)
 Next Bits: [0x00000285bdab0000, 0x00000285bfa58000)

Polling page: 0x00000285a2930000

Metaspace:

Usage:
  Non-class:     34.79 MB capacity,    34.14 MB ( 98%) used,   522.99 KB (  1%) free+waste,   141.19 KB ( <1%) overhead. 
      Class:      5.19 MB capacity,     4.72 MB ( 91%) used,   409.74 KB (  8%) free+waste,    71.38 KB (  1%) overhead. 
       Both:     39.99 MB capacity,    38.87 MB ( 97%) used,   932.73 KB (  2%) free+waste,   212.56 KB ( <1%) overhead. 

Virtual space:
  Non-class space:       36.00 MB reserved,      35.00 MB ( 97%) committed 
      Class space:        1.00 GB reserved,       5.25 MB ( <1%) committed 
             Both:        1.04 GB reserved,      40.25 MB (  4%) committed 

Chunk freelists:
   Non-Class:  2.50 KB
       Class:  3.25 KB
        Both:  5.75 KB

CodeHeap 'non-profiled nmethods': size=120064Kb used=1886Kb max_used=1886Kb free=118177Kb
 bounds [0x00000285b33a0000, 0x00000285b3610000, 0x00000285ba8e0000]
CodeHeap 'profiled nmethods': size=120000Kb used=8675Kb max_used=8675Kb free=111325Kb
 bounds [0x00000285abe70000, 0x00000285ac6f0000, 0x00000285b33a0000]
CodeHeap 'non-nmethods': size=5696Kb used=1138Kb max_used=1201Kb free=4557Kb
 bounds [0x00000285ab8e0000, 0x00000285abb50000, 0x00000285abe70000]
 total_blobs=4267 nmethods=3802 adapters=376
 compilation: enabled
              stopped_count=0, restarted_count=0
 full_count=0

Compilation events (10 events):
Event: 13.242 Thread 0x00000285c2a29000 nmethod 3810 0x00000285ac6e2510 code [0x00000285ac6e2ac0, 0x00000285ac6e7158]
Event: 13.242 Thread 0x00000285c2a29000 3811       3       org.springframework.beans.factory.support.AbstractBeanDefinition::resolveBeanClass (24 bytes)
Event: 13.243 Thread 0x00000285c207f000 nmethod 3813 0x00000285b3575d10 code [0x00000285b3575ea0, 0x00000285b3576098]
Event: 13.243 Thread 0x00000285c2a29000 nmethod 3811 0x00000285ac6e8190 code [0x00000285ac6e8380, 0x00000285ac6e8a58]
Event: 13.243 Thread 0x00000285c2a29000 3812       1       org.springframework.context.annotation.ConfigurationClassBeanDefinitionReader$ConfigurationClassBeanDefinition::getFactoryMethodMetadata (5 bytes)
Event: 13.244 Thread 0x00000285c2a29000 nmethod 3812 0x00000285b3576210 code [0x00000285b35763a0, 0x00000285b3576458]
Event: 13.331 Thread 0x00000285c207f000 3814       4       java.util.WeakHashMap::put (162 bytes)
Event: 13.367 Thread 0x00000285c207f000 nmethod 3814 0x00000285b3576510 code [0x00000285b35766c0, 0x00000285b3577028]
Event: 13.367 Thread 0x00000285c207f000 3815       4       java.util.jar.JarFile$1::apply (9 bytes)
Event: 13.377 Thread 0x00000285c207f000 nmethod 3815 0x00000285b3577390 code [0x00000285b3577520, 0x00000285b35777f8]

GC Heap History (10 events):
Event: 3.667 GC heap after
{Heap after GC invocations=3 (full 0):
 garbage-first heap   total 131072K, used 10084K [0x0000000081600000, 0x0000000100000000)
  region size 1024K, 2 young (2048K), 2 survivors (2048K)
 Metaspace       used 14587K, capacity 15184K, committed 15360K, reserved 1062912K
  class space    used 1533K, capacity 1742K, committed 1792K, reserved 1048576K
}
Event: 5.503 GC heap before
{Heap before GC invocations=3 (full 0):
 garbage-first heap   total 131072K, used 51044K [0x0000000081600000, 0x0000000100000000)
  region size 1024K, 43 young (44032K), 2 survivors (2048K)
 Metaspace       used 20327K, capacity 21082K, committed 21248K, reserved 1069056K
  class space    used 2283K, capacity 2546K, committed 2560K, reserved 1048576K
}
Event: 5.516 GC heap after
{Heap after GC invocations=4 (full 0):
 garbage-first heap   total 131072K, used 11850K [0x0000000081600000, 0x0000000100000000)
  region size 1024K, 4 young (4096K), 4 survivors (4096K)
 Metaspace       used 20327K, capacity 21082K, committed 21248K, reserved 1069056K
  class space    used 2283K, capacity 2546K, committed 2560K, reserved 1048576K
}
Event: 7.373 GC heap before
{Heap before GC invocations=5 (full 0):
 garbage-first heap   total 131072K, used 68170K [0x0000000081600000, 0x0000000100000000)
  region size 1024K, 59 young (60416K), 4 survivors (4096K)
 Metaspace       used 26225K, capacity 27115K, committed 27392K, reserved 1073152K
  class space    used 3144K, capacity 3495K, committed 3584K, reserved 1048576K
}
Event: 7.397 GC heap after
{Heap after GC invocations=6 (full 0):
 garbage-first heap   total 131072K, used 14129K [0x0000000081600000, 0x0000000100000000)
  region size 1024K, 6 young (6144K), 6 survivors (6144K)
 Metaspace       used 26225K, capacity 27115K, committed 27392K, reserved 1073152K
  class space    used 3144K, capacity 3495K, committed 3584K, reserved 1048576K
}
Event: 8.805 GC heap before
{Heap before GC invocations=6 (full 0):
 garbage-first heap   total 131072K, used 77617K [0x0000000081600000, 0x0000000100000000)
  region size 1024K, 69 young (70656K), 6 survivors (6144K)
 Metaspace       used 32850K, capacity 33879K, committed 34048K, reserved 1079296K
  class space    used 3928K, capacity 4333K, committed 4352K, reserved 1048576K
}
Event: 8.825 GC heap after
{Heap after GC invocations=7 (full 0):
 garbage-first heap   total 131072K, used 16543K [0x0000000081600000, 0x0000000100000000)
  region size 1024K, 7 young (7168K), 7 survivors (7168K)
 Metaspace       used 32850K, capacity 33879K, committed 34048K, reserved 1079296K
  class space    used 3928K, capacity 4333K, committed 4352K, reserved 1048576K
}
Event: 9.649 GC heap before
{Heap before GC invocations=7 (full 0):
 garbage-first heap   total 131072K, used 63647K [0x0000000081600000, 0x0000000100000000)
  region size 1024K, 55 young (56320K), 7 survivors (7168K)
 Metaspace       used 34420K, capacity 35467K, committed 35584K, reserved 1081344K
  class space    used 4129K, capacity 4548K, committed 4608K, reserved 1048576K
}
Event: 9.666 GC heap after
{Heap after GC invocations=8 (full 0):
 garbage-first heap   total 131072K, used 17712K [0x0000000081600000, 0x0000000100000000)
  region size 1024K, 6 young (6144K), 6 survivors (6144K)
 Metaspace       used 34420K, capacity 35467K, committed 35584K, reserved 1081344K
  class space    used 4129K, capacity 4548K, committed 4608K, reserved 1048576K
}
Event: 13.392 GC heap before
{Heap before GC invocations=9 (full 0):
 garbage-first heap   total 131072K, used 89392K [0x0000000081600000, 0x0000000100000000)
  region size 1024K, 76 young (77824K), 6 survivors (6144K)
 Metaspace       used 39800K, capacity 40946K, committed 41216K, reserved 1085440K
  class space    used 4836K, capacity 5318K, committed 5376K, reserved 1048576K
}

Deoptimization events (10 events):
Event: 10.532 Thread 0x00000285a2aee800 Uncommon trap: reason=class_check action=make_not_entrant pc=0x00000285b350e5d4 method=java.util.ArrayList.toArray([Ljava/lang/Object;)[Ljava/lang/Object; @ 21 c2
Event: 11.893 Thread 0x00000285a2aee800 Uncommon trap: reason=unstable_if action=reinterpret pc=0x00000285b3531e40 method=org.springframework.beans.factory.support.AbstractBeanFactory.isFactoryBean(Ljava/lang/String;Lorg/springframework/beans/factory/support/RootBeanDefinition;)Z @ 38 c2
Event: 11.893 Thread 0x00000285a2aee800 Uncommon trap: reason=unstable_if action=reinterpret pc=0x00000285b3538300 method=org.springframework.beans.factory.support.AbstractBeanFactory.isTypeMatch(Ljava/lang/String;Lorg/springframework/core/ResolvableType;Z)Z @ 466 c2
Event: 12.594 Thread 0x00000285a2aee800 Uncommon trap: reason=unstable_if action=reinterpret pc=0x00000285b35294dc method=org.springframework.beans.factory.support.AbstractBeanFactory.getMergedLocalBeanDefinition(Ljava/lang/String;)Lorg/springframework/beans/factory/support/RootBeanDefinition; 
Event: 12.597 Thread 0x00000285a2aee800 Uncommon trap: reason=bimorphic_or_optimized_type_check action=maybe_recompile pc=0x00000285b3484204 method=java.util.Spliterators$IteratorSpliterator.tryAdvance(Ljava/util/function/Consumer;)Z @ 68 c2
Event: 12.663 Thread 0x00000285a2aee800 Uncommon trap: reason=unstable_if action=reinterpret pc=0x00000285b34841e8 method=java.util.Spliterators$IteratorSpliterator.tryAdvance(Ljava/util/function/Consumer;)Z @ 16 c2
Event: 12.729 Thread 0x00000285a2aee800 Uncommon trap: reason=class_check action=maybe_recompile pc=0x00000285b34e5ab0 method=org.springframework.util.ConcurrentReferenceHashMap$Segment.findInChain(Lorg/springframework/util/ConcurrentReferenceHashMap$Reference;Ljava/lang/Object;I)Lorg/springfra
Event: 12.746 Thread 0x00000285a2aee800 Uncommon trap: reason=class_check action=maybe_recompile pc=0x00000285b3551858 method=org.springframework.core.ResolvableType.resolveType()Lorg/springframework/core/ResolvableType; @ 117 c2
Event: 12.747 Thread 0x00000285a2aee800 Uncommon trap: reason=class_check action=maybe_recompile pc=0x00000285b3551858 method=org.springframework.core.ResolvableType.resolveType()Lorg/springframework/core/ResolvableType; @ 117 c2
Event: 13.231 Thread 0x00000285a2aee800 Uncommon trap: reason=unstable_if action=reinterpret pc=0x00000285b35696f4 method=org.springframework.core.ResolvableType.isInstance(Ljava/lang/Object;)Z @ 12 c2

Classes redefined (0 events):
No events

Internal exceptions (10 events):
Event: 8.079 Thread 0x00000285a2aee800 Exception <a 'java/lang/ClassNotFoundException'{0x000000008794b538}: org/springframework/beans/factory/BeanClassLoaderAwareCustomizer> (0x000000008794b538) thrown at [./open/src/hotspot/share/classfile/systemDictionary.cpp, line 227]
Event: 8.082 Thread 0x00000285a2aee800 Exception <a 'java/lang/ClassNotFoundException'{0x0000000087967408}: org/springframework/beans/factory/AwareCustomizer> (0x0000000087967408) thrown at [./open/src/hotspot/share/classfile/systemDictionary.cpp, line 227]
Event: 8.084 Thread 0x00000285a2aee800 Exception <a 'java/lang/ClassNotFoundException'{0x0000000087983de8}: org/springframework/context/EnvironmentAwareCustomizer> (0x0000000087983de8) thrown at [./open/src/hotspot/share/classfile/systemDictionary.cpp, line 227]
Event: 8.089 Thread 0x00000285a2aee800 Exception <a 'java/lang/ClassNotFoundException'{0x000000008799fc30}: org/springframework/beans/factory/AwareCustomizer> (0x000000008799fc30) thrown at [./open/src/hotspot/share/classfile/systemDictionary.cpp, line 227]
Event: 8.963 Thread 0x00000285c520e000 Exception <a 'java/lang/NoSuchMethodError'{0x00000000875c8bf0}: java.lang.invoke.DirectMethodHandle$Holder.invokeSpecial(Ljava/lang/Object;Ljava/lang/Object;)J> (0x00000000875c8bf0) thrown at [./open/src/hotspot/share/interpreter/linkResolver.cpp, line 77
Event: 8.967 Thread 0x00000285c520e000 Exception <a 'java/lang/NoSuchMethodError'{0x00000000875d2dc0}: java.lang.invoke.DirectMethodHandle$Holder.invokeStatic(Ljava/lang/Object;Ljava/lang/Object;)J> (0x00000000875d2dc0) thrown at [./open/src/hotspot/share/interpreter/linkResolver.cpp, line 772
Event: 8.968 Thread 0x00000285c520e000 Exception <a 'java/lang/NoSuchMethodError'{0x00000000875d5be8}: java.lang.invoke.DirectMethodHandle$Holder.invokeStaticInit(Ljava/lang/Object;Ljava/lang/Object;)J> (0x00000000875d5be8) thrown at [./open/src/hotspot/share/interpreter/linkResolver.cpp, line
Event: 8.971 Thread 0x00000285c520e000 Exception <a 'java/lang/NoSuchMethodError'{0x00000000875e20a8}: java.lang.invoke.DirectMethodHandle$Holder.invokeInterface(Ljava/lang/Object;Ljava/lang/Object;)J> (0x00000000875e20a8) thrown at [./open/src/hotspot/share/interpreter/linkResolver.cpp, line 
Event: 8.972 Thread 0x00000285c520e000 Exception <a 'java/lang/IncompatibleClassChangeError'{0x00000000875e4e40}: Found class java.lang.Object, but interface was expected> (0x00000000875e4e40) thrown at [./open/src/hotspot/share/interpreter/linkResolver.cpp, line 838]
Event: 9.010 Thread 0x00000285c520e000 Exception <a 'java/lang/NoSuchMethodError'{0x000000008722ba20}: java.lang.invoke.DirectMethodHandle$Holder.invokeVirtual(Ljava/lang/Object;Ljava/lang/Object;Ljava/lang/Object;Ljava/lang/Object;)Ljava/lang/Object;> (0x000000008722ba20) thrown at [./open/sr

Events (10 events):
Event: 13.384 loading class org/springframework/cglib/core/LocalVariablesSorter done
Event: 13.385 loading class org/springframework/cglib/core/ClassEmitter$3
Event: 13.385 loading class org/springframework/cglib/core/ClassEmitter$3 done
Event: 13.386 loading class org/springframework/cglib/core/ClassInfo
Event: 13.386 loading class org/springframework/cglib/core/ClassInfo done
Event: 13.388 loading class org/springframework/cglib/core/ClassEmitter$1
Event: 13.388 loading class org/springframework/cglib/core/ClassEmitter$1 done
Event: 13.391 loading class org/springframework/cglib/core/ReflectUtils
Event: 13.391 loading class org/springframework/cglib/core/ReflectUtils done
Event: 13.392 Executing VM operation: G1CollectForAllocation


Dynamic libraries:
0x00007ff7c69f0000 - 0x00007ff7c69ff000 	C:\Program Files\Java\jdk-11.0.13\bin\javaw.exe
0x00007ff84c550000 - 0x00007ff84c745000 	C:\WINDOWS\SYSTEM32\ntdll.dll
0x00007ff84a590000 - 0x00007ff84a64e000 	C:\WINDOWS\System32\KERNEL32.DLL
0x00007ff84a270000 - 0x00007ff84a538000 	C:\WINDOWS\System32\KERNELBASE.dll
0x00007ff84a170000 - 0x00007ff84a270000 	C:\WINDOWS\System32\ucrtbase.dll
0x00007ff8442b0000 - 0x00007ff8442c8000 	C:\Program Files\Java\jdk-11.0.13\bin\jli.dll
0x00007ff84a9a0000 - 0x00007ff84aa4c000 	C:\WINDOWS\System32\ADVAPI32.dll
0x00007ff84b670000 - 0x00007ff84b70e000 	C:\WINDOWS\System32\msvcrt.dll
0x00007ff84c2c0000 - 0x00007ff84c35b000 	C:\WINDOWS\System32\sechost.dll
0x00007ff84ab70000 - 0x00007ff84ac9a000 	C:\WINDOWS\System32\RPCRT4.dll
0x00007ff84c360000 - 0x00007ff84c501000 	C:\WINDOWS\System32\USER32.dll
0x00007ff849c90000 - 0x00007ff849cb2000 	C:\WINDOWS\System32\win32u.dll
0x00007ff84b780000 - 0x00007ff84b7ab000 	C:\WINDOWS\System32\GDI32.dll
0x00007ff849e00000 - 0x00007ff849f0d000 	C:\WINDOWS\System32\gdi32full.dll
0x00007ff849f10000 - 0x00007ff849fad000 	C:\WINDOWS\System32\msvcp_win.dll
0x00007ff844cb0000 - 0x00007ff844cc5000 	C:\Program Files\Java\jdk-11.0.13\bin\VCRUNTIME140.dll
0x00007ff83c2d0000 - 0x00007ff83c56a000 	C:\WINDOWS\WinSxS\amd64_microsoft.windows.common-controls_6595b64144ccf1df_6.0.19041.1110_none_60b5254171f9507e\COMCTL32.dll
0x00007ff83e9b0000 - 0x00007ff83e9ba000 	C:\WINDOWS\SYSTEM32\VERSION.dll
0x00007ff84b210000 - 0x00007ff84b240000 	C:\WINDOWS\System32\IMM32.DLL
0x00007ff807bd0000 - 0x00007ff807c6b000 	C:\Program Files\Java\jdk-11.0.13\bin\msvcp140.dll
0x00007ffffa140000 - 0x00007ffffac53000 	C:\Program Files\Java\jdk-11.0.13\bin\server\jvm.dll
0x00007ff84a990000 - 0x00007ff84a998000 	C:\WINDOWS\System32\PSAPI.DLL
0x00007ff835000000 - 0x00007ff835009000 	C:\WINDOWS\SYSTEM32\WSOCK32.dll
0x00007ff84b710000 - 0x00007ff84b77b000 	C:\WINDOWS\System32\WS2_32.dll
0x00007ff83d7f0000 - 0x00007ff83d817000 	C:\WINDOWS\SYSTEM32\WINMM.dll
0x00007ff847b10000 - 0x00007ff847b22000 	C:\WINDOWS\SYSTEM32\kernel.appcore.dll
0x00007ff845700000 - 0x00007ff845710000 	C:\Program Files\Java\jdk-11.0.13\bin\verify.dll
0x00007ff839ec0000 - 0x00007ff83a0a4000 	C:\WINDOWS\SYSTEM32\DBGHELP.DLL
0x00007ff8391f0000 - 0x00007ff83921c000 	C:\WINDOWS\SYSTEM32\dbgcore.DLL
0x00007ff849d70000 - 0x00007ff849df3000 	C:\WINDOWS\System32\bcryptPrimitives.dll
0x00007ff843eb0000 - 0x00007ff843ed8000 	C:\Program Files\Java\jdk-11.0.13\bin\java.dll
0x00007ff8442a0000 - 0x00007ff8442aa000 	C:\Program Files\Java\jdk-11.0.13\bin\jimage.dll
0x00007ff844080000 - 0x00007ff844096000 	C:\Program Files\Java\jdk-11.0.13\bin\zip.dll
0x00007ff84bb70000 - 0x00007ff84c2b4000 	C:\WINDOWS\System32\SHELL32.dll
0x00007ff847d10000 - 0x00007ff8484a4000 	C:\WINDOWS\SYSTEM32\windows.storage.dll
0x00007ff84b310000 - 0x00007ff84b665000 	C:\WINDOWS\System32\combase.dll
0x00007ff849500000 - 0x00007ff84952e000 	C:\WINDOWS\SYSTEM32\Wldp.dll
0x00007ff84ba40000 - 0x00007ff84baed000 	C:\WINDOWS\System32\SHCORE.dll
0x00007ff84b7d0000 - 0x00007ff84b825000 	C:\WINDOWS\System32\shlwapi.dll
0x00007ff849ba0000 - 0x00007ff849bbf000 	C:\WINDOWS\SYSTEM32\profapi.dll
0x00007ff83a100000 - 0x00007ff83a119000 	C:\Program Files\Java\jdk-11.0.13\bin\net.dll
0x00007ff83d530000 - 0x00007ff83d63c000 	C:\WINDOWS\SYSTEM32\WINHTTP.dll
0x00007ff8492e0000 - 0x00007ff84934a000 	C:\WINDOWS\system32\mswsock.dll
0x00007ff837cf0000 - 0x00007ff837d02000 	C:\Program Files\Java\jdk-11.0.13\bin\nio.dll
0x00007ff8441a0000 - 0x00007ff8441a9000 	C:\Program Files\Java\jdk-11.0.13\bin\management.dll
0x00007ff843dc0000 - 0x00007ff843dcb000 	C:\Program Files\Java\jdk-11.0.13\bin\management_ext.dll
0x00007ff82d3b0000 - 0x00007ff82d3c7000 	C:\WINDOWS\system32\napinsp.dll
0x00007ff82d390000 - 0x00007ff82d3ab000 	C:\WINDOWS\system32\pnrpnsp.dll
0x00007ff843a20000 - 0x00007ff843a35000 	C:\WINDOWS\system32\wshbth.dll
0x00007ff8456b0000 - 0x00007ff8456cd000 	C:\WINDOWS\system32\NLAapi.dll
0x00007ff848ff0000 - 0x00007ff84902b000 	C:\WINDOWS\SYSTEM32\IPHLPAPI.DLL
0x00007ff849030000 - 0x00007ff8490fb000 	C:\WINDOWS\SYSTEM32\DNSAPI.dll
0x00007ff84aca0000 - 0x00007ff84aca8000 	C:\WINDOWS\System32\NSI.dll
0x00007ff82c570000 - 0x00007ff82c582000 	C:\WINDOWS\System32\winrnr.dll
0x00007ff83c720000 - 0x00007ff83c72a000 	C:\Windows\System32\rasadhlp.dll
0x00007ff83fec0000 - 0x00007ff83ff3f000 	C:\WINDOWS\System32\fwpuclnt.dll
0x00007ff849c60000 - 0x00007ff849c87000 	C:\WINDOWS\System32\bcrypt.dll

dbghelp: loaded successfully - version: 4.0.5 - missing functions: none
symbol engine: initialized successfully - sym options: 0x614 - pdb path: .;C:\Program Files\Java\jdk-11.0.13\bin;C:\WINDOWS\SYSTEM32;C:\WINDOWS\WinSxS\amd64_microsoft.windows.common-controls_6595b64144ccf1df_6.0.19041.1110_none_60b5254171f9507e;C:\Program Files\Java\jdk-11.0.13\bin\server

VM Arguments:
jvm_args: -ea -Dfile.encoding=UTF-8 
java_command: org.eclipse.jdt.internal.junit.runner.RemoteTestRunner -version 3 -port 54200 -testLoaderClass org.eclipse.jdt.internal.junit5.runner.JUnit5TestLoader -loaderpluginname org.eclipse.jdt.junit5.runtime -classNames net.atos.api.pedido.controller.PedidoControllerIT
java_class_path (initial): C:\WorkspaceAtosProjeto\Pedido\target\test-classes;C:\WorkspaceAtosProjeto\Pedido\target\classes;C:\Users\marcs\.m2\repository\org\springframework\boot\spring-boot-starter-actuator\2.6.1\spring-boot-starter-actuator-2.6.1.jar;C:\Users\marcs\.m2\repository\org\springframework\boot\spring-boot-starter\2.6.1\spring-boot-starter-2.6.1.jar;C:\Users\marcs\.m2\repository\org\springframework\boot\spring-boot\2.6.1\spring-boot-2.6.1.jar;C:\Users\marcs\.m2\repository\org\springframework\boot\spring-boot-autoconfigure\2.6.1\spring-boot-autoconfigure-2.6.1.jar;C:\Users\marcs\.m2\repository\org\springframework\boot\spring-boot-starter-logging\2.6.1\spring-boot-starter-logging-2.6.1.jar;C:\Users\marcs\.m2\repository\ch\qos\logback\logback-classic\1.2.7\logback-classic-1.2.7.jar;C:\Users\marcs\.m2\repository\ch\qos\logback\logback-core\1.2.7\logback-core-1.2.7.jar;C:\Users\marcs\.m2\repository\org\apache\logging\log4j\log4j-to-slf4j\2.14.1\log4j-to-slf4j-2.14.1.jar;C:\Users\marcs\.m2\repository\org\apache\logging\log4j\log4j-api\2.14.1\log4j-api-2.14.1.jar;C:\Users\marcs\.m2\repository\org\slf4j\jul-to-slf4j\1.7.32\jul-to-slf4j-1.7.32.jar;C:\Users\marcs\.m2\repository\jakarta\annotation\jakarta.annotation-api\1.3.5\jakarta.annotation-api-1.3.5.jar;C:\Users\marcs\.m2\repository\org\yaml\snakeyaml\1.29\snakeyaml-1.29.jar;C:\Users\marcs\.m2\repository\org\springframework\boot\spring-boot-actuator-autoconfigure\2.6.1\spring-boot-actuator-autoconfigure-2.6.1.jar;C:\Users\marcs\.m2\repository\org\springframework\boot\spring-boot-actuator\2.6.1\spring-boot-actuator-2.6.1.jar;C:\Users\marcs\.m2\repository\com\fasterxml\jackson\core\jackson-databind\2.13.0\jackson-databind-2.13.0.jar;C:\Users\marcs\.m2\repository\com\fasterxml\jackson\datatype\jackson-datatype-jsr310\2.13.0\jackson-datatype-jsr310-2.13.0.jar;C:\Users\marcs\.m2\repository\io\micrometer\micrometer-core\1.8.0\micrometer-core-1.8.0.jar;C:\Users\marcs\.m2\repository\org\hdrhistogram\HdrHistogram\2.1
Launcher Type: SUN_STANDARD

[Global flags]
     intx CICompilerCount                          = 3                                         {product} {ergonomic}
     uint ConcGCThreads                            = 1                                         {product} {ergonomic}
     uint G1ConcRefinementThreads                  = 4                                         {product} {ergonomic}
   size_t G1HeapRegionSize                         = 1048576                                   {product} {ergonomic}
    uintx GCDrainStackTargetSize                   = 64                                        {product} {ergonomic}
   size_t InitialHeapSize                          = 134217728                                 {product} {ergonomic}
   size_t MarkStackSize                            = 4194304                                   {product} {ergonomic}
   size_t MaxHeapSize                              = 2124414976                                {product} {ergonomic}
   size_t MaxNewSize                               = 1274019840                                {product} {ergonomic}
   size_t MinHeapDeltaBytes                        = 1048576                                   {product} {ergonomic}
    uintx NonNMethodCodeHeapSize                   = 5830732                                {pd product} {ergonomic}
    uintx NonProfiledCodeHeapSize                  = 122913754                              {pd product} {ergonomic}
    uintx ProfiledCodeHeapSize                     = 122913754                              {pd product} {ergonomic}
    uintx ReservedCodeCacheSize                    = 251658240                              {pd product} {ergonomic}
     bool SegmentedCodeCache                       = true                                      {product} {ergonomic}
     bool UseCompressedClassPointers               = true                                 {lp64_product} {ergonomic}
     bool UseCompressedOops                        = true                                 {lp64_product} {ergonomic}
     bool UseG1GC                                  = true                                      {product} {ergonomic}
     bool UseLargePagesIndividualAllocation        = false                                  {pd product} {ergonomic}

Logging:
Log output configuration:
 #0: stdout all=warning uptime,level,tags
 #1: stderr all=off uptime,level,tags

Environment Variables:
JAVA_HOME=C:\Program Files\Java\jdk-11.0.13
PATH=C:\Program Files\Common Files\Oracle\Java\javapath;C:\Python27\;C:\Python27\Scripts;C:\Python39\Scripts\;C:\Python39\;C:\WINDOWS\system32;C:\WINDOWS;C:\WINDOWS\System32\Wbem;C:\WINDOWS\System32\WindowsPowerShell\v1.0\;C:\WINDOWS\System32\OpenSSH\;C:\Program Files\Git\cmd;C:\ProgramData\chocolatey\bin;C:\Program Files\nodejs\;C:\Program Files\Docker\Docker\resources\bin;C:\ProgramData\DockerDesktop\version-bin;C:\Program Files\Java\jdk-11.0.13\bin;C:\Program Files\MySQL\MySQL Shell 8.0\bin\;C:\Users\marcs\AppData\Local\Microsoft\WindowsApps;C:\Users\marcs\AppData\Local\GitHubDesktop\bin;C:\Users\marcs\AppData\Local\Programs\Microsoft VS Code\bin;C:\Program Files\heroku\bin;C:\Users\marcs\AppData\Roaming\npm;C:\Program Files\MongoDB\Server\4.4\bin;C:\Users\marcs\AppData\Local\Programs\mongosh\;
USERNAME=marcs
OS=Windows_NT
PROCESSOR_IDENTIFIER=Intel64 Family 6 Model 69 Stepping 1, GenuineIntel



---------------  S Y S T E M  ---------------

OS: Windows 10 , 64 bit Build 19041 (10.0.19041.1348)
Hyper-V role detected

CPU:total 4 (initial active 4) (2 cores per cpu, 2 threads per core) family 6 model 69 stepping 1 microcode 0x25, cmov, cx8, fxsr, mmx, sse, sse2, sse3, ssse3, sse4.1, sse4.2, popcnt, avx, avx2, aes, clmul, erms, lzcnt, ht, tsc, tscinvbit, bmi1, bmi2, fma

Memory: 4k page, system-wide physical 8096M (449M free)
TotalPageFile size 16480M (AvailPageFile size 16M)
current process WorkingSet (physical memory assigned to process): 227M, peak: 227M
current process commit charge ("private bytes"): 294M, peak: 320M

vm_info: Java HotSpot(TM) 64-Bit Server VM (11.0.13+10-LTS-370) for windows-amd64 JRE (11.0.13+10-LTS-370), built on Sep 15 2021 22:10:36 by "mach5one" with MS VC++ 15.9 (VS2017)

END.
